# JRE version: Java(TM) SE Runtime Environment (8.0_181-b13) (build 1.8.0_181-b13)
# Java VM: Java HotSpot(TM) 64-Bit Server VM (25.181-b13 mixed mode windows-amd64 compressed oops)
Heap:
 PSYoungGen      total 69632K, used 52739K [0x00000000d6c00000, 0x00000000df500000, 0x0000000100000000)
  eden space 60416K, 74% used [0x00000000d6c00000,0x00000000d97cad28,0x00000000da700000)
  from space 9216K, 85% used [0x00000000da700000,0x00000000daeb5fb8,0x00000000db000000)
  to   space 9728K, 77% used [0x00000000deb80000,0x00000000df2dad90,0x00000000df500000)
 ParOldGen       total 81920K, used 7258K [0x0000000084400000, 0x0000000089400000, 0x00000000d6c00000)
  object space 81920K, 8% used [0x0000000084400000,0x0000000084b16a90,0x0000000089400000)
 Metaspace       used 20890K, capacity 21138K, committed 21296K, reserved 1069056K
  class space    used 2281K, capacity 2397K, committed 2432K, reserved 1048576K
GC Heap History (10 events):
Event: 2.870 GC heap after
Heap after GC invocations=3 (full 0):
 PSYoungGen      total 35840K, used 4416K [0x00000000d6c00000, 0x00000000d9400000, 0x0000000100000000)
  eden space 30720K, 0% used [0x00000000d6c00000,0x00000000d6c00000,0x00000000d8a00000)
  from space 5120K, 86% used [0x00000000d8a00000,0x00000000d8e50178,0x00000000d8f00000)
  to   space 5120K, 0% used [0x00000000d8f00000,0x00000000d8f00000,0x00000000d9400000)
 ParOldGen       total 81920K, used 32K [0x0000000084400000, 0x0000000089400000, 0x00000000d6c00000)
  object space 81920K, 0% used [0x0000000084400000,0x0000000084408000,0x0000000089400000)
 Metaspace       used 10172K, capacity 10294K, committed 10496K, reserved 1058816K
  class space    used 1124K, capacity 1169K, committed 1280K, reserved 1048576K
}
Event: 3.484 GC heap before
{Heap before GC invocations=4 (full 0):
 PSYoungGen      total 35840K, used 35136K [0x00000000d6c00000, 0x00000000d9400000, 0x0000000100000000)
  eden space 30720K, 100% used [0x00000000d6c00000,0x00000000d8a00000,0x00000000d8a00000)
  from space 5120K, 86% used [0x00000000d8a00000,0x00000000d8e50178,0x00000000d8f00000)
  to   space 5120K, 0% used [0x00000000d8f00000,0x00000000d8f00000,0x00000000d9400000)
 ParOldGen       total 81920K, used 32K [0x0000000084400000, 0x0000000089400000, 0x00000000d6c00000)
  object space 81920K, 0% used [0x0000000084400000,0x0000000084408000,0x0000000089400000)
 Metaspace       used 12160K, capacity 12242K, committed 12416K, reserved 1060864K
  class space    used 1276K, capacity 1304K, committed 1408K, reserved 1048576K
Event: 3.493 GC heap after
Heap after GC invocations=4 (full 0):
 PSYoungGen      total 35840K, used 5093K [0x00000000d6c00000, 0x00000000db200000, 0x0000000100000000)
  eden space 30720K, 0% used [0x00000000d6c00000,0x00000000d6c00000,0x00000000d8a00000)
  from space 5120K, 99% used [0x00000000d8f00000,0x00000000d93f9590,0x00000000d9400000)
  to   space 5120K, 0% used [0x00000000d8a00000,0x00000000d8a00000,0x00000000d8f00000)
 ParOldGen       total 81920K, used 803K [0x0000000084400000, 0x0000000089400000, 0x00000000d6c00000)
  object space 81920K, 0% used [0x0000000084400000,0x00000000844c8e38,0x0000000089400000)
 Metaspace       used 12160K, capacity 12242K, committed 12416K, reserved 1060864K
  class space    used 1276K, capacity 1304K, committed 1408K, reserved 1048576K
}
Event: 4.330 GC heap before
{Heap before GC invocations=5 (full 0):
 PSYoungGen      total 35840K, used 35813K [0x00000000d6c00000, 0x00000000db200000, 0x0000000100000000)
  eden space 30720K, 100% used [0x00000000d6c00000,0x00000000d8a00000,0x00000000d8a00000)
  from space 5120K, 99% used [0x00000000d8f00000,0x00000000d93f9590,0x00000000d9400000)
  to   space 5120K, 0% used [0x00000000d8a00000,0x00000000d8a00000,0x00000000d8f00000)
 ParOldGen       total 81920K, used 803K [0x0000000084400000, 0x0000000089400000, 0x00000000d6c00000)
  object space 81920K, 0% used [0x0000000084400000,0x00000000844c8e38,0x0000000089400000)
 Metaspace       used 16395K, capacity 16608K, committed 16768K, reserved 1064960K
  class space    used 1781K, capacity 1869K, committed 1920K, reserved 1048576K
Event: 4.341 GC heap after
Heap after GC invocations=5 (full 0):
 PSYoungGen      total 35840K, used 5114K [0x00000000d6c00000, 0x00000000db800000, 0x0000000100000000)
  eden space 30720K, 0% used [0x00000000d6c00000,0x00000000d6c00000,0x00000000d8a00000)
  from space 5120K, 99% used [0x00000000d8a00000,0x00000000d8efe908,0x00000000d8f00000)
  to   space 8192K, 0% used [0x00000000db000000,0x00000000db000000,0x00000000db800000)
 ParOldGen       total 81920K, used 3685K [0x0000000084400000, 0x0000000089400000, 0x00000000d6c00000)
  object space 81920K, 4% used [0x0000000084400000,0x00000000847994e0,0x0000000089400000)
 Metaspace       used 16395K, capacity 16608K, committed 16768K, reserved 1064960K
  class space    used 1781K, capacity 1869K, committed 1920K, reserved 1048576K
}
Event: 5.093 GC heap before
{Heap before GC invocations=6 (full 0):
 PSYoungGen      total 35840K, used 35834K [0x00000000d6c00000, 0x00000000db800000, 0x0000000100000000)
  eden space 30720K, 100% used [0x00000000d6c00000,0x00000000d8a00000,0x00000000d8a00000)
  from space 5120K, 99% used [0x00000000d8a00000,0x00000000d8efe908,0x00000000d8f00000)
  to   space 8192K, 0% used [0x00000000db000000,0x00000000db000000,0x00000000db800000)
 ParOldGen       total 81920K, used 3685K [0x0000000084400000, 0x0000000089400000, 0x00000000d6c00000)
  object space 81920K, 4% used [0x0000000084400000,0x00000000847994e0,0x0000000089400000)
 Metaspace       used 18900K, capacity 19102K, committed 19456K, reserved 1067008K
  class space    used 2106K, capacity 2211K, committed 2304K, reserved 1048576K
Event: 5.107 GC heap after
Heap after GC invocations=6 (full 0):
 PSYoungGen      total 68608K, used 7807K [0x00000000d6c00000, 0x00000000dba00000, 0x0000000100000000)
  eden space 60416K, 0% used [0x00000000d6c00000,0x00000000d6c00000,0x00000000da700000)
  from space 8192K, 95% used [0x00000000db000000,0x00000000db79ff20,0x00000000db800000)
  to   space 9216K, 0% used [0x00000000da700000,0x00000000da700000,0x00000000db000000)
 ParOldGen       total 81920K, used 3693K [0x0000000084400000, 0x0000000089400000, 0x00000000d6c00000)
  object space 81920K, 4% used [0x0000000084400000,0x000000008479b4e0,0x0000000089400000)
 Metaspace       used 18900K, capacity 19102K, committed 19456K, reserved 1067008K
  class space    used 2106K, capacity 2211K, committed 2304K, reserved 1048576K
}
Event: 5.927 GC heap before
{Heap before GC invocations=7 (full 0):
 PSYoungGen      total 68608K, used 68223K [0x00000000d6c00000, 0x00000000dba00000, 0x0000000100000000)
  eden space 60416K, 100% used [0x00000000d6c00000,0x00000000da700000,0x00000000da700000)
  from space 8192K, 95% used [0x00000000db000000,0x00000000db79ff20,0x00000000db800000)
  to   space 9216K, 0% used [0x00000000da700000,0x00000000da700000,0x00000000db000000)
 ParOldGen       total 81920K, used 3693K [0x0000000084400000, 0x0000000089400000, 0x00000000d6c00000)
  object space 81920K, 4% used [0x0000000084400000,0x000000008479b4e0,0x0000000089400000)
 Metaspace       used 19897K, capacity 20142K, committed 20480K, reserved 1067008K
  class space    used 2181K, capacity 2257K, committed 2304K, reserved 1048576K
Event: 5.939 GC heap after
Heap after GC invocations=7 (full 0):
 PSYoungGen      total 69632K, used 7895K [0x00000000d6c00000, 0x00000000df500000, 0x0000000100000000)
  eden space 60416K, 0% used [0x00000000d6c00000,0x00000000d6c00000,0x00000000da700000)
  from space 9216K, 85% used [0x00000000da700000,0x00000000daeb5fb8,0x00000000db000000)
  to   space 9728K, 0% used [0x00000000deb80000,0x00000000deb80000,0x00000000df500000)
 ParOldGen       total 81920K, used 6498K [0x0000000084400000, 0x0000000089400000, 0x00000000d6c00000)
  object space 81920K, 7% used [0x0000000084400000,0x0000000084a58a90,0x0000000089400000)
 Metaspace       used 19897K, capacity 20142K, committed 20480K, reserved 1067008K
  class space    used 2181K, capacity 2257K, committed 2304K, reserved 1048576K
}
Event: 6.228 GC heap before
{Heap before GC invocations=8 (full 0):
 PSYoungGen      total 69632K, used 52739K [0x00000000d6c00000, 0x00000000df500000, 0x0000000100000000)
  eden space 60416K, 74% used [0x00000000d6c00000,0x00000000d97cad28,0x00000000da700000)
  from space 9216K, 85% used [0x00000000da700000,0x00000000daeb5fb8,0x00000000db000000)
  to   space 9728K, 0% used [0x00000000deb80000,0x00000000deb80000,0x00000000df500000)
 ParOldGen       total 81920K, used 6498K [0x0000000084400000, 0x0000000089400000, 0x00000000d6c00000)
  object space 81920K, 7% used [0x0000000084400000,0x0000000084a58a90,0x0000000089400000)
 Metaspace       used 20890K, capacity 21138K, committed 21296K, reserved 1069056K
  class space    used 2281K, capacity 2397K, committed 2432K, reserved 1048576K

