# JRE version: Java(TM) SE Runtime Environment (8.0_181-b13) (build 1.8.0_181-b13)
# Java VM: Java HotSpot(TM) Client VM (25.181-b13 mixed mode windows-x86 )
Heap:
 def new generation   total 23616K, used 2352K [0x05000000, 0x069a0000, 0x1eca0000)
  eden space 20992K,   0% used [0x05000000, 0x05000000, 0x06480000)
  from space 2624K,  89% used [0x06480000, 0x066cc210, 0x06710000)
  to   space 2624K,   0% used [0x06710000, 0x06710000, 0x069a0000)
 tenured generation   total 54264K, used 54208K [0x1eca0000, 0x2219e000, 0x52600000)
   the space 54264K,  99% used [0x1eca0000, 0x22190218, 0x22190400, 0x2219e000)
 Metaspace       used 18806K, capacity 19162K, committed 19200K, reserved 19840K
GC Heap History (10 events):
Event: 6.706 GC heap after
Heap after GC invocations=71 (full 4):
 def new generation   total 23616K, used 2624K [0x05000000, 0x069a0000, 0x1eca0000)
  eden space 20992K,   0% used [0x05000000, 0x05000000, 0x06480000)
  from space 2624K, 100% used [0x06710000, 0x069a0000, 0x069a0000)
  to   space 2624K,   0% used [0x06480000, 0x06480000, 0x06710000)
 tenured generation   total 52472K, used 35104K [0x1eca0000, 0x21fde000, 0x52600000)
   the space 52472K,  66% used [0x1eca0000, 0x20ee8038, 0x20ee8200, 0x21fde000)
 Metaspace       used 16899K, capacity 17209K, committed 17280K, reserved 17792K
}
Event: 6.913 GC heap before
{Heap before GC invocations=71 (full 4):
 def new generation   total 23616K, used 23616K [0x05000000, 0x069a0000, 0x1eca0000)
  eden space 20992K, 100% used [0x05000000, 0x06480000, 0x06480000)
  from space 2624K, 100% used [0x06710000, 0x069a0000, 0x069a0000)
  to   space 2624K,   0% used [0x06480000, 0x06480000, 0x06710000)
 tenured generation   total 52472K, used 35104K [0x1eca0000, 0x21fde000, 0x52600000)
   the space 52472K,  66% used [0x1eca0000, 0x20ee8038, 0x20ee8200, 0x21fde000)
 Metaspace       used 16955K, capacity 17285K, committed 17408K, reserved 17792K
Event: 6.931 GC heap after
Heap after GC invocations=72 (full 4):
 def new generation   total 23616K, used 2624K [0x05000000, 0x069a0000, 0x1eca0000)
  eden space 20992K,   0% used [0x05000000, 0x05000000, 0x06480000)
  from space 2624K, 100% used [0x06480000, 0x06710000, 0x06710000)
  to   space 2624K,   0% used [0x06710000, 0x06710000, 0x069a0000)
 tenured generation   total 52472K, used 38079K [0x1eca0000, 0x21fde000, 0x52600000)
   the space 52472K,  72% used [0x1eca0000, 0x211cfe68, 0x211d0000, 0x21fde000)
 Metaspace       used 16955K, capacity 17285K, committed 17408K, reserved 17792K
}
Event: 7.236 GC heap before
{Heap before GC invocations=72 (full 4):
 def new generation   total 23616K, used 23616K [0x05000000, 0x069a0000, 0x1eca0000)
  eden space 20992K, 100% used [0x05000000, 0x06480000, 0x06480000)
  from space 2624K, 100% used [0x06480000, 0x06710000, 0x06710000)
  to   space 2624K,   0% used [0x06710000, 0x06710000, 0x069a0000)
 tenured generation   total 52472K, used 38079K [0x1eca0000, 0x21fde000, 0x52600000)
   the space 52472K,  72% used [0x1eca0000, 0x211cfe68, 0x211d0000, 0x21fde000)
 Metaspace       used 17092K, capacity 17427K, committed 17536K, reserved 17792K
Event: 7.263 GC heap after
Heap after GC invocations=73 (full 4):
 def new generation   total 23616K, used 2624K [0x05000000, 0x069a0000, 0x1eca0000)
  eden space 20992K,   0% used [0x05000000, 0x05000000, 0x06480000)
  from space 2624K, 100% used [0x06710000, 0x069a0000, 0x069a0000)
  to   space 2624K,   0% used [0x06480000, 0x06480000, 0x06710000)
 tenured generation   total 52472K, used 43287K [0x1eca0000, 0x21fde000, 0x52600000)
   the space 52472K,  82% used [0x1eca0000, 0x216e5de0, 0x216e5e00, 0x21fde000)
 Metaspace       used 17092K, capacity 17427K, committed 17536K, reserved 17792K
}
Event: 7.382 GC heap before
{Heap before GC invocations=73 (full 4):
 def new generation   total 23616K, used 23616K [0x05000000, 0x069a0000, 0x1eca0000)
  eden space 20992K, 100% used [0x05000000, 0x06480000, 0x06480000)
  from space 2624K, 100% used [0x06710000, 0x069a0000, 0x069a0000)
  to   space 2624K,   0% used [0x06480000, 0x06480000, 0x06710000)
 tenured generation   total 52472K, used 43287K [0x1eca0000, 0x21fde000, 0x52600000)
   the space 52472K,  82% used [0x1eca0000, 0x216e5de0, 0x216e5e00, 0x21fde000)
 Metaspace       used 17092K, capacity 17427K, committed 17536K, reserved 17792K
Event: 7.394 GC heap after
Heap after GC invocations=74 (full 4):
 def new generation   total 23616K, used 1145K [0x05000000, 0x069a0000, 0x1eca0000)
  eden space 20992K,   0% used [0x05000000, 0x05000000, 0x06480000)
  from space 2624K,  43% used [0x06480000, 0x0659e7b8, 0x06710000)
  to   space 2624K,   0% used [0x06710000, 0x06710000, 0x069a0000)
 tenured generation   total 52472K, used 45906K [0x1eca0000, 0x21fde000, 0x52600000)
   the space 52472K,  87% used [0x1eca0000, 0x21974aa8, 0x21974c00, 0x21fde000)
 Metaspace       used 17092K, capacity 17427K, committed 17536K, reserved 17792K
}
Event: 8.295 GC heap before
{Heap before GC invocations=74 (full 4):
 def new generation   total 23616K, used 22137K [0x05000000, 0x069a0000, 0x1eca0000)
  eden space 20992K, 100% used [0x05000000, 0x06480000, 0x06480000)
  from space 2624K,  43% used [0x06480000, 0x0659e7b8, 0x06710000)
  to   space 2624K,   0% used [0x06710000, 0x06710000, 0x069a0000)
 tenured generation   total 52472K, used 45906K [0x1eca0000, 0x21fde000, 0x52600000)
   the space 52472K,  87% used [0x1eca0000, 0x21974aa8, 0x21974c00, 0x21fde000)
 Metaspace       used 18139K, capacity 18486K, committed 18560K, reserved 18816K
Event: 8.322 GC heap after
Heap after GC invocations=75 (full 4):
 def new generation   total 23616K, used 2624K [0x05000000, 0x069a0000, 0x1eca0000)
  eden space 20992K,   0% used [0x05000000, 0x05000000, 0x06480000)
  from space 2624K, 100% used [0x06710000, 0x069a0000, 0x069a0000)
  to   space 2624K,   0% used [0x06480000, 0x06480000, 0x06710000)
 tenured generation   total 52472K, used 51660K [0x1eca0000, 0x21fde000, 0x52600000)
   the space 52472K,  98% used [0x1eca0000, 0x21f133d0, 0x21f13400, 0x21fde000)
 Metaspace       used 18139K, capacity 18486K, committed 18560K, reserved 18816K
}
Event: 8.732 GC heap before
{Heap before GC invocations=75 (full 4):
 def new generation   total 23616K, used 23616K [0x05000000, 0x069a0000, 0x1eca0000)
  eden space 20992K, 100% used [0x05000000, 0x06480000, 0x06480000)
  from space 2624K, 100% used [0x06710000, 0x069a0000, 0x069a0000)
  to   space 2624K,   0% used [0x06480000, 0x06480000, 0x06710000)
 tenured generation   total 52472K, used 51660K [0x1eca0000, 0x21fde000, 0x52600000)
   the space 52472K,  98% used [0x1eca0000, 0x21f133d0, 0x21f13400, 0x21fde000)
 Metaspace       used 18806K, capacity 19162K, committed 19200K, reserved 19840K

